<?xml version="1.0" encoding="UTF-8"?>
<testsuite xmlns:xsi="http://www.w3.org/2001/XMLSchema-instance" xsi:noNamespaceSchemaLocation="https://maven.apache.org/surefire/maven-surefire-plugin/xsd/surefire-test-report.xsd" name="cn.lanqiao.springboot3.SpringBootTestDemo" time="0.028" tests="1" errors="0" skipped="0" failures="0">
  <properties>
    <property name="java.specification.version" value="17"/>
    <property name="sun.cpu.isalist" value="amd64"/>
    <property name="sun.jnu.encoding" value="GBK"/>
    <property name="java.class.path" value="D:\Workspace\study\Spring\springboot3-test&amp;logging\target\test-classes;D:\Workspace\study\Spring\springboot3-test&amp;logging\target\classes;D:\ProgramTools\apache-maven-3.9.0\repository\org\springframework\boot\spring-boot-starter-web\3.0.0\spring-boot-starter-web-3.0.0.jar;D:\ProgramTools\apache-maven-3.9.0\repository\org\springframework\boot\spring-boot-starter\3.0.0\spring-boot-starter-3.0.0.jar;D:\ProgramTools\apache-maven-3.9.0\repository\org\springframework\boot\spring-boot\3.0.0\spring-boot-3.0.0.jar;D:\ProgramTools\apache-maven-3.9.0\repository\org\springframework\boot\spring-boot-autoconfigure\3.0.0\spring-boot-autoconfigure-3.0.0.jar;D:\ProgramTools\apache-maven-3.9.0\repository\org\springframework\boot\spring-boot-starter-logging\3.0.0\spring-boot-starter-logging-3.0.0.jar;D:\ProgramTools\apache-maven-3.9.0\repository\ch\qos\logback\logback-classic\1.4.5\logback-classic-1.4.5.jar;D:\ProgramTools\apache-maven-3.9.0\repository\ch\qos\logback\logback-core\1.4.5\logback-core-1.4.5.jar;D:\ProgramTools\apache-maven-3.9.0\repository\org\apache\logging\log4j\log4j-to-slf4j\2.19.0\log4j-to-slf4j-2.19.0.jar;D:\ProgramTools\apache-maven-3.9.0\repository\org\apache\logging\log4j\log4j-api\2.19.0\log4j-api-2.19.0.jar;D:\ProgramTools\apache-maven-3.9.0\repository\org\slf4j\jul-to-slf4j\2.0.4\jul-to-slf4j-2.0.4.jar;D:\ProgramTools\apache-maven-3.9.0\repository\jakarta\annotation\jakarta.annotation-api\2.1.1\jakarta.annotation-api-2.1.1.jar;D:\ProgramTools\apache-maven-3.9.0\repository\org\yaml\snakeyaml\1.33\snakeyaml-1.33.jar;D:\ProgramTools\apache-maven-3.9.0\repository\org\springframework\boot\spring-boot-starter-json\3.0.0\spring-boot-starter-json-3.0.0.jar;D:\ProgramTools\apache-maven-3.9.0\repository\com\fasterxml\jackson\core\jackson-databind\2.14.1\jackson-databind-2.14.1.jar;D:\ProgramTools\apache-maven-3.9.0\repository\com\fasterxml\jackson\core\jackson-annotations\2.14.1\jackson-annotations-2.14.1.jar;D:\ProgramTools\apache-maven-3.9.0\repository\com\fasterxml\jackson\core\jackson-core\2.14.1\jackson-core-2.14.1.jar;D:\ProgramTools\apache-maven-3.9.0\repository\com\fasterxml\jackson\datatype\jackson-datatype-jdk8\2.14.1\jackson-datatype-jdk8-2.14.1.jar;D:\ProgramTools\apache-maven-3.9.0\repository\com\fasterxml\jackson\datatype\jackson-datatype-jsr310\2.14.1\jackson-datatype-jsr310-2.14.1.jar;D:\ProgramTools\apache-maven-3.9.0\repository\com\fasterxml\jackson\module\jackson-module-parameter-names\2.14.1\jackson-module-parameter-names-2.14.1.jar;D:\ProgramTools\apache-maven-3.9.0\repository\org\springframework\boot\spring-boot-starter-tomcat\3.0.0\spring-boot-starter-tomcat-3.0.0.jar;D:\ProgramTools\apache-maven-3.9.0\repository\org\apache\tomcat\embed\tomcat-embed-core\10.1.1\tomcat-embed-core-10.1.1.jar;D:\ProgramTools\apache-maven-3.9.0\repository\org\apache\tomcat\embed\tomcat-embed-el\10.1.1\tomcat-embed-el-10.1.1.jar;D:\ProgramTools\apache-maven-3.9.0\repository\org\apache\tomcat\embed\tomcat-embed-websocket\10.1.1\tomcat-embed-websocket-10.1.1.jar;D:\ProgramTools\apache-maven-3.9.0\repository\org\springframework\spring-web\6.0.2\spring-web-6.0.2.jar;D:\ProgramTools\apache-maven-3.9.0\repository\org\springframework\spring-beans\6.0.2\spring-beans-6.0.2.jar;D:\ProgramTools\apache-maven-3.9.0\repository\io\micrometer\micrometer-observation\1.10.2\micrometer-observation-1.10.2.jar;D:\ProgramTools\apache-maven-3.9.0\repository\io\micrometer\micrometer-commons\1.10.2\micrometer-commons-1.10.2.jar;D:\ProgramTools\apache-maven-3.9.0\repository\org\springframework\spring-webmvc\6.0.2\spring-webmvc-6.0.2.jar;D:\ProgramTools\apache-maven-3.9.0\repository\org\springframework\spring-aop\6.0.2\spring-aop-6.0.2.jar;D:\ProgramTools\apache-maven-3.9.0\repository\org\springframework\spring-context\6.0.2\spring-context-6.0.2.jar;D:\ProgramTools\apache-maven-3.9.0\repository\org\springframework\spring-expression\6.0.2\spring-expression-6.0.2.jar;D:\ProgramTools\apache-maven-3.9.0\repository\org\springframework\boot\spring-boot-starter-test\3.0.0\spring-boot-starter-test-3.0.0.jar;D:\ProgramTools\apache-maven-3.9.0\repository\org\springframework\boot\spring-boot-test\3.0.0\spring-boot-test-3.0.0.jar;D:\ProgramTools\apache-maven-3.9.0\repository\org\springframework\boot\spring-boot-test-autoconfigure\3.0.0\spring-boot-test-autoconfigure-3.0.0.jar;D:\ProgramTools\apache-maven-3.9.0\repository\com\jayway\jsonpath\json-path\2.7.0\json-path-2.7.0.jar;D:\ProgramTools\apache-maven-3.9.0\repository\net\minidev\json-smart\2.4.8\json-smart-2.4.8.jar;D:\ProgramTools\apache-maven-3.9.0\repository\net\minidev\accessors-smart\2.4.8\accessors-smart-2.4.8.jar;D:\ProgramTools\apache-maven-3.9.0\repository\org\ow2\asm\asm\9.1\asm-9.1.jar;D:\ProgramTools\apache-maven-3.9.0\repository\org\slf4j\slf4j-api\2.0.4\slf4j-api-2.0.4.jar;D:\ProgramTools\apache-maven-3.9.0\repository\jakarta\xml\bind\jakarta.xml.bind-api\4.0.0\jakarta.xml.bind-api-4.0.0.jar;D:\ProgramTools\apache-maven-3.9.0\repository\jakarta\activation\jakarta.activation-api\2.1.0\jakarta.activation-api-2.1.0.jar;D:\ProgramTools\apache-maven-3.9.0\repository\org\assertj\assertj-core\3.23.1\assertj-core-3.23.1.jar;D:\ProgramTools\apache-maven-3.9.0\repository\net\bytebuddy\byte-buddy\1.12.19\byte-buddy-1.12.19.jar;D:\ProgramTools\apache-maven-3.9.0\repository\org\hamcrest\hamcrest\2.2\hamcrest-2.2.jar;D:\ProgramTools\apache-maven-3.9.0\repository\org\junit\jupiter\junit-jupiter\5.9.1\junit-jupiter-5.9.1.jar;D:\ProgramTools\apache-maven-3.9.0\repository\org\junit\jupiter\junit-jupiter-api\5.9.1\junit-jupiter-api-5.9.1.jar;D:\ProgramTools\apache-maven-3.9.0\repository\org\opentest4j\opentest4j\1.2.0\opentest4j-1.2.0.jar;D:\ProgramTools\apache-maven-3.9.0\repository\org\junit\platform\junit-platform-commons\1.9.1\junit-platform-commons-1.9.1.jar;D:\ProgramTools\apache-maven-3.9.0\repository\org\apiguardian\apiguardian-api\1.1.2\apiguardian-api-1.1.2.jar;D:\ProgramTools\apache-maven-3.9.0\repository\org\junit\jupiter\junit-jupiter-params\5.9.1\junit-jupiter-params-5.9.1.jar;D:\ProgramTools\apache-maven-3.9.0\repository\org\junit\jupiter\junit-jupiter-engine\5.9.1\junit-jupiter-engine-5.9.1.jar;D:\ProgramTools\apache-maven-3.9.0\repository\org\junit\platform\junit-platform-engine\1.9.1\junit-platform-engine-1.9.1.jar;D:\ProgramTools\apache-maven-3.9.0\repository\org\mockito\mockito-core\4.8.1\mockito-core-4.8.1.jar;D:\ProgramTools\apache-maven-3.9.0\repository\net\bytebuddy\byte-buddy-agent\1.12.19\byte-buddy-agent-1.12.19.jar;D:\ProgramTools\apache-maven-3.9.0\repository\org\objenesis\objenesis\3.2\objenesis-3.2.jar;D:\ProgramTools\apache-maven-3.9.0\repository\org\mockito\mockito-junit-jupiter\4.8.1\mockito-junit-jupiter-4.8.1.jar;D:\ProgramTools\apache-maven-3.9.0\repository\org\skyscreamer\jsonassert\1.5.1\jsonassert-1.5.1.jar;D:\ProgramTools\apache-maven-3.9.0\repository\com\vaadin\external\google\android-json\0.0.20131108.vaadin1\android-json-0.0.20131108.vaadin1.jar;D:\ProgramTools\apache-maven-3.9.0\repository\org\springframework\spring-core\6.0.2\spring-core-6.0.2.jar;D:\ProgramTools\apache-maven-3.9.0\repository\org\springframework\spring-jcl\6.0.2\spring-jcl-6.0.2.jar;D:\ProgramTools\apache-maven-3.9.0\repository\org\springframework\spring-test\6.0.2\spring-test-6.0.2.jar;D:\ProgramTools\apache-maven-3.9.0\repository\org\xmlunit\xmlunit-core\2.9.0\xmlunit-core-2.9.0.jar;"/>
    <property name="java.vm.vendor" value="Oracle Corporation"/>
    <property name="sun.arch.data.model" value="64"/>
    <property name="user.variant" value=""/>
    <property name="java.vendor.url" value="https://java.oracle.com/"/>
    <property name="user.timezone" value="Asia/Shanghai"/>
    <property name="os.name" value="Windows 10"/>
    <property name="java.vm.specification.version" value="17"/>
    <property name="sun.java.launcher" value="SUN_STANDARD"/>
    <property name="user.country" value="CN"/>
    <property name="sun.boot.library.path" value="D:\ProgramTools\jdk-17.0.1\bin"/>
    <property name="sun.java.command" value="C:\Users\ADMINI~1\AppData\Local\Temp\surefire10307070341450175017\surefirebooter14599321295909423107.jar C:\Users\Administrator\AppData\Local\Temp\surefire10307070341450175017 2023-03-24T15-08-35_251-jvmRun1 surefire16946880063419878720tmp surefire_010872357070109082374tmp"/>
    <property name="jdk.debug" value="release"/>
    <property name="test" value="SpringBootTestDemo"/>
    <property name="surefire.test.class.path" value="D:\Workspace\study\Spring\springboot3-test&amp;logging\target\test-classes;D:\Workspace\study\Spring\springboot3-test&amp;logging\target\classes;D:\ProgramTools\apache-maven-3.9.0\repository\org\springframework\boot\spring-boot-starter-web\3.0.0\spring-boot-starter-web-3.0.0.jar;D:\ProgramTools\apache-maven-3.9.0\repository\org\springframework\boot\spring-boot-starter\3.0.0\spring-boot-starter-3.0.0.jar;D:\ProgramTools\apache-maven-3.9.0\repository\org\springframework\boot\spring-boot\3.0.0\spring-boot-3.0.0.jar;D:\ProgramTools\apache-maven-3.9.0\repository\org\springframework\boot\spring-boot-autoconfigure\3.0.0\spring-boot-autoconfigure-3.0.0.jar;D:\ProgramTools\apache-maven-3.9.0\repository\org\springframework\boot\spring-boot-starter-logging\3.0.0\spring-boot-starter-logging-3.0.0.jar;D:\ProgramTools\apache-maven-3.9.0\repository\ch\qos\logback\logback-classic\1.4.5\logback-classic-1.4.5.jar;D:\ProgramTools\apache-maven-3.9.0\repository\ch\qos\logback\logback-core\1.4.5\logback-core-1.4.5.jar;D:\ProgramTools\apache-maven-3.9.0\repository\org\apache\logging\log4j\log4j-to-slf4j\2.19.0\log4j-to-slf4j-2.19.0.jar;D:\ProgramTools\apache-maven-3.9.0\repository\org\apache\logging\log4j\log4j-api\2.19.0\log4j-api-2.19.0.jar;D:\ProgramTools\apache-maven-3.9.0\repository\org\slf4j\jul-to-slf4j\2.0.4\jul-to-slf4j-2.0.4.jar;D:\ProgramTools\apache-maven-3.9.0\repository\jakarta\annotation\jakarta.annotation-api\2.1.1\jakarta.annotation-api-2.1.1.jar;D:\ProgramTools\apache-maven-3.9.0\repository\org\yaml\snakeyaml\1.33\snakeyaml-1.33.jar;D:\ProgramTools\apache-maven-3.9.0\repository\org\springframework\boot\spring-boot-starter-json\3.0.0\spring-boot-starter-json-3.0.0.jar;D:\ProgramTools\apache-maven-3.9.0\repository\com\fasterxml\jackson\core\jackson-databind\2.14.1\jackson-databind-2.14.1.jar;D:\ProgramTools\apache-maven-3.9.0\repository\com\fasterxml\jackson\core\jackson-annotations\2.14.1\jackson-annotations-2.14.1.jar;D:\ProgramTools\apache-maven-3.9.0\repository\com\fasterxml\jackson\core\jackson-core\2.14.1\jackson-core-2.14.1.jar;D:\ProgramTools\apache-maven-3.9.0\repository\com\fasterxml\jackson\datatype\jackson-datatype-jdk8\2.14.1\jackson-datatype-jdk8-2.14.1.jar;D:\ProgramTools\apache-maven-3.9.0\repository\com\fasterxml\jackson\datatype\jackson-datatype-jsr310\2.14.1\jackson-datatype-jsr310-2.14.1.jar;D:\ProgramTools\apache-maven-3.9.0\repository\com\fasterxml\jackson\module\jackson-module-parameter-names\2.14.1\jackson-module-parameter-names-2.14.1.jar;D:\ProgramTools\apache-maven-3.9.0\repository\org\springframework\boot\spring-boot-starter-tomcat\3.0.0\spring-boot-starter-tomcat-3.0.0.jar;D:\ProgramTools\apache-maven-3.9.0\repository\org\apache\tomcat\embed\tomcat-embed-core\10.1.1\tomcat-embed-core-10.1.1.jar;D:\ProgramTools\apache-maven-3.9.0\repository\org\apache\tomcat\embed\tomcat-embed-el\10.1.1\tomcat-embed-el-10.1.1.jar;D:\ProgramTools\apache-maven-3.9.0\repository\org\apache\tomcat\embed\tomcat-embed-websocket\10.1.1\tomcat-embed-websocket-10.1.1.jar;D:\ProgramTools\apache-maven-3.9.0\repository\org\springframework\spring-web\6.0.2\spring-web-6.0.2.jar;D:\ProgramTools\apache-maven-3.9.0\repository\org\springframework\spring-beans\6.0.2\spring-beans-6.0.2.jar;D:\ProgramTools\apache-maven-3.9.0\repository\io\micrometer\micrometer-observation\1.10.2\micrometer-observation-1.10.2.jar;D:\ProgramTools\apache-maven-3.9.0\repository\io\micrometer\micrometer-commons\1.10.2\micrometer-commons-1.10.2.jar;D:\ProgramTools\apache-maven-3.9.0\repository\org\springframework\spring-webmvc\6.0.2\spring-webmvc-6.0.2.jar;D:\ProgramTools\apache-maven-3.9.0\repository\org\springframework\spring-aop\6.0.2\spring-aop-6.0.2.jar;D:\ProgramTools\apache-maven-3.9.0\repository\org\springframework\spring-context\6.0.2\spring-context-6.0.2.jar;D:\ProgramTools\apache-maven-3.9.0\repository\org\springframework\spring-expression\6.0.2\spring-expression-6.0.2.jar;D:\ProgramTools\apache-maven-3.9.0\repository\org\springframework\boot\spring-boot-starter-test\3.0.0\spring-boot-starter-test-3.0.0.jar;D:\ProgramTools\apache-maven-3.9.0\repository\org\springframework\boot\spring-boot-test\3.0.0\spring-boot-test-3.0.0.jar;D:\ProgramTools\apache-maven-3.9.0\repository\org\springframework\boot\spring-boot-test-autoconfigure\3.0.0\spring-boot-test-autoconfigure-3.0.0.jar;D:\ProgramTools\apache-maven-3.9.0\repository\com\jayway\jsonpath\json-path\2.7.0\json-path-2.7.0.jar;D:\ProgramTools\apache-maven-3.9.0\repository\net\minidev\json-smart\2.4.8\json-smart-2.4.8.jar;D:\ProgramTools\apache-maven-3.9.0\repository\net\minidev\accessors-smart\2.4.8\accessors-smart-2.4.8.jar;D:\ProgramTools\apache-maven-3.9.0\repository\org\ow2\asm\asm\9.1\asm-9.1.jar;D:\ProgramTools\apache-maven-3.9.0\repository\org\slf4j\slf4j-api\2.0.4\slf4j-api-2.0.4.jar;D:\ProgramTools\apache-maven-3.9.0\repository\jakarta\xml\bind\jakarta.xml.bind-api\4.0.0\jakarta.xml.bind-api-4.0.0.jar;D:\ProgramTools\apache-maven-3.9.0\repository\jakarta\activation\jakarta.activation-api\2.1.0\jakarta.activation-api-2.1.0.jar;D:\ProgramTools\apache-maven-3.9.0\repository\org\assertj\assertj-core\3.23.1\assertj-core-3.23.1.jar;D:\ProgramTools\apache-maven-3.9.0\repository\net\bytebuddy\byte-buddy\1.12.19\byte-buddy-1.12.19.jar;D:\ProgramTools\apache-maven-3.9.0\repository\org\hamcrest\hamcrest\2.2\hamcrest-2.2.jar;D:\ProgramTools\apache-maven-3.9.0\repository\org\junit\jupiter\junit-jupiter\5.9.1\junit-jupiter-5.9.1.jar;D:\ProgramTools\apache-maven-3.9.0\repository\org\junit\jupiter\junit-jupiter-api\5.9.1\junit-jupiter-api-5.9.1.jar;D:\ProgramTools\apache-maven-3.9.0\repository\org\opentest4j\opentest4j\1.2.0\opentest4j-1.2.0.jar;D:\ProgramTools\apache-maven-3.9.0\repository\org\junit\platform\junit-platform-commons\1.9.1\junit-platform-commons-1.9.1.jar;D:\ProgramTools\apache-maven-3.9.0\repository\org\apiguardian\apiguardian-api\1.1.2\apiguardian-api-1.1.2.jar;D:\ProgramTools\apache-maven-3.9.0\repository\org\junit\jupiter\junit-jupiter-params\5.9.1\junit-jupiter-params-5.9.1.jar;D:\ProgramTools\apache-maven-3.9.0\repository\org\junit\jupiter\junit-jupiter-engine\5.9.1\junit-jupiter-engine-5.9.1.jar;D:\ProgramTools\apache-maven-3.9.0\repository\org\junit\platform\junit-platform-engine\1.9.1\junit-platform-engine-1.9.1.jar;D:\ProgramTools\apache-maven-3.9.0\repository\org\mockito\mockito-core\4.8.1\mockito-core-4.8.1.jar;D:\ProgramTools\apache-maven-3.9.0\repository\net\bytebuddy\byte-buddy-agent\1.12.19\byte-buddy-agent-1.12.19.jar;D:\ProgramTools\apache-maven-3.9.0\repository\org\objenesis\objenesis\3.2\objenesis-3.2.jar;D:\ProgramTools\apache-maven-3.9.0\repository\org\mockito\mockito-junit-jupiter\4.8.1\mockito-junit-jupiter-4.8.1.jar;D:\ProgramTools\apache-maven-3.9.0\repository\org\skyscreamer\jsonassert\1.5.1\jsonassert-1.5.1.jar;D:\ProgramTools\apache-maven-3.9.0\repository\com\vaadin\external\google\android-json\0.0.20131108.vaadin1\android-json-0.0.20131108.vaadin1.jar;D:\ProgramTools\apache-maven-3.9.0\repository\org\springframework\spring-core\6.0.2\spring-core-6.0.2.jar;D:\ProgramTools\apache-maven-3.9.0\repository\org\springframework\spring-jcl\6.0.2\spring-jcl-6.0.2.jar;D:\ProgramTools\apache-maven-3.9.0\repository\org\springframework\spring-test\6.0.2\spring-test-6.0.2.jar;D:\ProgramTools\apache-maven-3.9.0\repository\org\xmlunit\xmlunit-core\2.9.0\xmlunit-core-2.9.0.jar;"/>
    <property name="sun.cpu.endian" value="little"/>
    <property name="user.home" value="C:\Users\Administrator"/>
    <property name="user.language" value="zh"/>
    <property name="java.specification.vendor" value="Oracle Corporation"/>
    <property name="java.version.date" value="2021-10-19"/>
    <property name="java.home" value="D:\ProgramTools\jdk-17.0.1"/>
    <property name="file.separator" value="\"/>
    <property name="basedir" value="D:\Workspace\study\Spring\springboot3-test&amp;logging"/>
    <property name="java.vm.compressedOopsMode" value="Zero based"/>
    <property name="line.separator" value="&#10;"/>
    <property name="java.vm.specification.vendor" value="Oracle Corporation"/>
    <property name="java.specification.name" value="Java Platform API Specification"/>
    <property name="surefire.real.class.path" value="C:\Users\ADMINI~1\AppData\Local\Temp\surefire10307070341450175017\surefirebooter14599321295909423107.jar"/>
    <property name="user.script" value=""/>
    <property name="sun.management.compiler" value="HotSpot 64-Bit Tiered Compilers"/>
    <property name="java.runtime.version" value="17.0.1+12-39"/>
    <property name="user.name" value="Administrator"/>
    <property name="path.separator" value=";"/>
    <property name="os.version" value="10.0"/>
    <property name="java.runtime.name" value="OpenJDK Runtime Environment"/>
    <property name="file.encoding" value="GBK"/>
    <property name="java.vm.name" value="OpenJDK 64-Bit Server VM"/>
    <property name="localRepository" value="D:\ProgramTools\apache-maven-3.9.0\repository"/>
    <property name="java.vendor.url.bug" value="https://bugreport.java.com/bugreport/"/>
    <property name="java.io.tmpdir" value="C:\Users\ADMINI~1\AppData\Local\Temp\"/>
    <property name="java.version" value="17.0.1"/>
    <property name="user.dir" value="D:\Workspace\study\Spring\springboot3-test&amp;logging"/>
    <property name="os.arch" value="amd64"/>
    <property name="java.vm.specification.name" value="Java Virtual Machine Specification"/>
    <property name="sun.os.patch.level" value=""/>
    <property name="native.encoding" value="GBK"/>
    <property name="java.library.path" value="D:\ProgramTools\jdk-17.0.1\bin;C:\Windows\Sun\Java\bin;C:\Windows\system32;C:\Windows;%SystemRoot%\system32\WBEM;%SystemRoot%\system32\WBEM;D:\ProgramTools\Python39\Scripts\;D:\ProgramTools\Python39\;D:\Workspace\resources\cmake-3.26.0-rc6-windows-x86_64\bin;C:\Windows\system32\WBEM;C:\Program Files (x86)\VMware\VMware Workstation\bin\;C:\Windows\system32;C:\Windows;C:\Windows\System32\Wbem;C:\Windows\System32\WindowsPowerShell\v1.0\;C:\Windows\System32\OpenSSH\;C:\Users\Administrator\AppData\Local\Microsoft\WindowsApps;D:\Program Files\Microsoft VS Code\bin;D:\Program Files\mingw64\bin;D:\\ProgramTools\\jdk-17.0.1\bin;D:\Program Files\Git\cmd;D:\ProgramTools\apache-maven-3.9.0\bin;D:\ProgramTools\apache-tomcat-9.0.72\bin;D:\ProgramTools\nodejs\;D:\ProgramTools\nodejs\node_global\node_module\;D:\ProgramTools\nodejs\node_global;D:\ProgramTools\nodejs\node_modules\npm;D:\Program Files\Git\bin;D:\Program Files (x86)\Tencent\微信web开发者工具\dll;D:\ProgramData\Anaconda3;D:\ProgramData\Anaconda3\Library\bin;D:\ProgramData\Anaconda3\Scripts;D:\ProgramData\Anaconda3\Library\mingw-w64\bin;D:\ProgramData\Anaconda3\Library\usr\bin;C:\Users\Administrator\AppData\Local\Microsoft\WindowsApps;;D:\Program Files\JetBrains\CLion 2022.3.2\bin;;C:\Users\Administrator\AppData\Roaming\npm;C:\Users\Administrator\AppData\Local\Microsoft\WindowsApps;;D:\Program Files\JetBrains\CLion 2022.3.2\bin;;C:\Users\Administrator\AppData\Roaming\npm;C:\Users\Administrator\AppData\Local\Microsoft\WindowsApps;;D:\Program Files\JetBrains\CLion 2022.3.2\bin;;C:\Users\Administrator\AppData\Roaming\npm;."/>
    <property name="java.vm.info" value="mixed mode, sharing"/>
    <property name="java.vendor" value="Oracle Corporation"/>
    <property name="java.vm.version" value="17.0.1+12-39"/>
    <property name="sun.io.unicode.encoding" value="UnicodeLittle"/>
    <property name="java.class.version" value="61.0"/>
  </properties>
  <testcase name="test1" classname="cn.lanqiao.springboot3.SpringBootTestDemo" time="0.013"/>
</testsuite>